SF:C:\Users\jdominguez\OneDrive - ENDAVA\Documents\challenges\CSharpChallenge\CSharpChallenge\MathHelper.cs
FN:11,System.Double CSharpChallenge.Circle::get_Radio()
FNDA:2,System.Double CSharpChallenge.Circle::get_Radio()
DA:12,2
FN:16,System.ValueTuple`2<System.Double,System.Double> CSharpChallenge.MathHelper::Calculate(CSharpChallenge.Shape)
FNDA:1,System.ValueTuple`2<System.Double,System.Double> CSharpChallenge.MathHelper::Calculate(CSharpChallenge.Shape)
DA:17,1
DA:18,1
DA:19,1
DA:21,1
DA:22,1
DA:23,1
DA:24,1
DA:25,1
DA:26,1
DA:27,1
DA:28,1
BRDA:21,34,0,1
BRDA:21,34,1,1
LF:12
LH:12
BRF:2
BRH:2
FNF:2
FNH:2
end_of_record
SF:C:\Users\jdominguez\OneDrive - ENDAVA\Documents\challenges\CSharpChallenge\CSharpChallenge\Person.cs
FN:13,System.String CSharpChallenge.Person::get_FirstName()
FNDA:18,System.String CSharpChallenge.Person::get_FirstName()
DA:14,18
FN:19,System.String CSharpChallenge.Person::get_LastName()
FNDA:16,System.String CSharpChallenge.Person::get_LastName()
DA:20,16
FN:21,System.String CSharpChallenge.Person::get_Company()
FNDA:8,System.String CSharpChallenge.Person::get_Company()
DA:22,8
FN:40,System.String CSharpChallenge.Person::GetFullName()
FNDA:4,System.String CSharpChallenge.Person::GetFullName()
DA:41,4
DA:42,4
DA:43,4
DA:44,4
BRDA:42,12,0,2
BRDA:42,12,1,3
BRDA:42,25,0,3
BRDA:42,25,1,1
BRDA:43,67,0,3
BRDA:43,92,0,3
BRDA:43,67,1,1
BRDA:43,92,1,1
FN:27,System.Void CSharpChallenge.Person::.ctor(System.String)
FNDA:4,System.Void CSharpChallenge.Person::.ctor(System.String)
DA:28,4
DA:29,4
DA:30,4
DA:31,4
FN:35,System.Void CSharpChallenge.Person::.ctor()
FNDA:4,System.Void CSharpChallenge.Person::.ctor()
DA:36,4
DA:37,4
DA:39,4
LF:14
LH:14
BRF:8
BRH:8
FNF:6
FNH:6
end_of_record
SF:C:\Users\jdominguez\OneDrive - ENDAVA\Documents\challenges\CSharpChallenge\CSharpChallenge\StringHelper.cs
FN:14,System.ValueTuple`2<System.Boolean,System.Double> CSharpChallenge.StringHelper::TryParsePercentage(System.String)
FNDA:3,System.ValueTuple`2<System.Boolean,System.Double> CSharpChallenge.StringHelper::TryParsePercentage(System.String)
DA:15,3
DA:16,3
DA:17,3
DA:18,3
DA:19,3
DA:20,3
DA:21,2
DA:22,2
DA:24,1
DA:25,1
DA:26,3
BRDA:17,13,0,1
BRDA:17,13,1,3
BRDA:20,64,0,2
BRDA:20,64,1,1
LF:11
LH:11
BRF:4
BRH:4
FNF:1
FNH:1
end_of_record